<?xml version="1.0" encoding="UTF-8"?>
<!-- Generated by org.testng.reporters.JUnitReportReporter -->
<testsuite hostname="QT-INBG-LT0218" failures="0" tests="1" name="TestPackage.Sendkudos_testcase" time="23.901" errors="0" timestamp="2021-03-23T16:14:58 IST" skipped="0">
  <testcase classname="TestPackage.Sendkudos_testcase" name="basePageNavigation" time="23.901"/>
  <system-out/>
</testsuite> <!-- TestPackage.Sendkudos_testcase -->
