<?xml version="1.0" encoding="UTF-8"?>
<!-- Generated by org.testng.reporters.JUnitReportReporter -->
<testsuite hostname="QT-INBG-LT0218" failures="0" tests="1" name="integration.sendkudostocolleague$recentcontactstestcase" time="15.442" errors="0" timestamp="2021-03-26T17:50:17 IST" skipped="0">
  <testcase classname="integration.sendkudostocolleague$recentcontactstestcase" name="recentcontactsnavigationpage" time="15.442"/>
  <system-out/>
</testsuite> <!-- integration.sendkudostocolleague$recentcontactstestcase -->
