<?xml version="1.0" encoding="UTF-8"?>
<!-- Generated by org.testng.reporters.JUnitReportReporter -->
<testsuite hostname="QT-INBG-LT0218" failures="0" tests="1" name="pageobjects.activitypage" time="14.968" errors="0" timestamp="2021-03-23T17:03:31 IST" skipped="0">
  <testcase classname="pageobjects.activitypage" name="activitynavigationpage" time="14.968"/>
  <system-out/>
</testsuite> <!-- pageobjects.activitypage -->
