<?xml version="1.0" encoding="UTF-8"?>
<!-- Generated by org.testng.reporters.JUnitReportReporter -->
<testsuite hostname="QT-INBG-LT0218" failures="0" tests="1" name="TestPackage.searchkudostestcase" time="19.444" errors="0" timestamp="2021-03-25T13:01:27 IST" skipped="0">
  <testcase classname="TestPackage.searchkudostestcase" name="searchkudospage" time="19.444"/>
  <system-out/>
</testsuite> <!-- TestPackage.searchkudostestcase -->
