<?xml version="1.0" encoding="UTF-8"?>
<!-- Generated by org.testng.reporters.JUnitReportReporter -->
<testsuite hostname="QT-INBG-LT0218" failures="0" tests="1" name="pageobjects.color" time="4.758" errors="0" timestamp="2021-03-23T16:19:18 IST" skipped="0">
  <testcase classname="pageobjects.color" name="colours" time="4.758"/>
  <system-out/>
</testsuite> <!-- pageobjects.color -->
