<?xml version="1.0" encoding="UTF-8"?>
<!-- Generated by org.testng.reporters.JUnitReportReporter -->
<testsuite hostname="QT-INBG-LT0218" failures="0" tests="2" name="TestPackage.QTTestCase" time="18.832" errors="0" timestamp="2021-03-26T17:58:55 IST" skipped="0">
  <testcase classname="TestPackage.QTTestCase" name="basePageNavigation" time="11.270"/>
  <system-out/>
  <testcase classname="TestPackage.QTTestCase" name="basePageNavigation" time="7.562"/>
  <system-out/>
</testsuite> <!-- TestPackage.QTTestCase -->
