<?xml version="1.0" encoding="UTF-8"?>
<!-- Generated by org.testng.reporters.JUnitReportReporter -->
<testsuite hostname="QT-INBG-LT0218" failures="0" tests="1" name="integration.sendkudostoit$sendsinglekudostestcase" time="17.610" errors="0" timestamp="2021-03-26T17:48:48 IST" skipped="0">
  <testcase classname="integration.sendkudostoit$sendsinglekudostestcase" name="basePageNavigation" time="17.610"/>
  <system-out/>
</testsuite> <!-- integration.sendkudostoit$sendsinglekudostestcase -->
